[brawlify.com/tr/maps/index.html]
[backblue.gif]
[fade.gif]
[index.html]
[brawlify.com/cdn-cgi/apps/head/huaYnYaFT1uTslzNLLLxcxzv2tQ.js]
[brawlify.com/tr/maps/GET]
[brawlify.com/tr/maps/+/index.html]
[www.google-analytics.com/analytics.js]
[pagead2.googlesyndication.com/pagead/js/f.txt]
[hb.vntsm.com/v3/live/ad-manager.min.js]
[www.datadoghq-browser-agent.com/datadog-rum.js]
[cdn.brawlify.com/icons/star-512x512.png]
[cdn.brawlify.com/icons/star-192x192.png]
[cdn.brawlify.com/icons/star-152x152.png]
[cdn.brawlify.com/icons/star-144x144.png]
[cdn.brawlify.com/icons/star-128x128.png]
[cdn.brawlify.com/icons/star-96x96.png]
[cdn.brawlify.com/icons/star-72x72.png]
[brawlify.com/apple-touch-icon.png]
[cdn.brawlify.com/splash/splash-640x1136.png]
[cdn.brawlify.com/splash/splash-750x1334.png]
[cdn.brawlify.com/splash/splash-828x1792.png]
[cdn.brawlify.com/splash/splash-1125x2436.png]
[cdn.brawlify.com/splash/splash-1136x640.png]
[cdn.brawlify.com/splash/splash-1242x2208.png]
[cdn.brawlify.com/splash/splash-1242x2688.png]
[cdn.brawlify.com/splash/splash-1334x750.png]
[cdn.brawlify.com/splash/splash-1536x2048.png]
[cdn.brawlify.com/splash/splash-1668x2224.png]
[cdn.brawlify.com/splash/splash-1668x2388.png]
[cdn.brawlify.com/splash/splash-1792x828.png]
[cdn.brawlify.com/splash/splash-2048x1536.png]
[cdn.brawlify.com/splash/splash-2048x2732.png]
[cdn.brawlify.com/splash/splash-2208x1242.png]
[cdn.brawlify.com/splash/splash-2224x1668.png]
[cdn.brawlify.com/splash/splash-2388x1668.png]
[cdn.brawlify.com/splash/splash-2436x1125.png]
[cdn.brawlify.com/splash/splash-2732x2048.png]
[cdn.brawlify.com/splash/splash-2688x1242.png]
[cdn.jsdelivr.net/npm/bootstrap@4.5.3/dist/css/bootstrap.min.css]
[cdn.brawlify.com/css/stylee5bf.css]
[code.jquery.com/jquery-3.5.1.min.js]
[cdn.jsdelivr.net/npm/bootstrap@4.5.3/dist/js/bootstrap.bundle.min.js]
[cdnjs.cloudflare.com/ajax/libs/moment.js/2.29.1/moment-with-locales.min.js]
[cdn.webpushr.com/app.min.js]
[cdn.brawlify.com/js/logicbb80.js]
[cdn.brawlify.com/misc/Creator-Boost.png]
[cdn.brawlify.com/icon/Power-League.png]
[cdn.brawlify.com/gamemode/Hot-Zone.png]
[brawlify.com/tr/maps/detail/Breakout-Brawl.html]
[cdn.brawlify.com/map/Breakout-Brawl.png]
[brawlify.com/tr/maps/detail/Controller-Chaos.html]
[cdn.brawlify.com/map/Controller-Chaos.png]
[brawlify.com/tr/maps/detail/Open-Business.html]
[cdn.brawlify.com/map/Open-Business.png]
[brawlify.com/tr/maps/detail/Dueling-Beetles.html]
[cdn.brawlify.com/map/Dueling-Beetles.png]
[brawlify.com/tr/maps/detail/Parallel-Plays.html]
[cdn.brawlify.com/map/Parallel-Plays.png]
[brawlify.com/tr/maps/detail/Ring-of-Fire.html]
[cdn.brawlify.com/map/Ring-of-Fire.png]
[brawlify.com/tr/maps/detail/Split.html]
[cdn.brawlify.com/map/Split.png]
[cdn.brawlify.com/gamemode/Knockout.png]
[brawlify.com/tr/maps/detail/Goldarm-Gulch.html]
[cdn.brawlify.com/map/Goldarm-Gulch.png]
[brawlify.com/tr/maps/detail/Deep-End.html]
[cdn.brawlify.com/map/Deep-End.png]
[brawlify.com/tr/maps/detail/Double-Bluff.html]
[cdn.brawlify.com/map/Double-Bluff.png]
[brawlify.com/tr/maps/detail/Splash-Out.html]
[cdn.brawlify.com/map/Splash-Out.png]
[brawlify.com/tr/maps/detail/Middle-Ground.html]
[cdn.brawlify.com/map/Middle-Ground.png]
[brawlify.com/tr/maps/detail/Belles-Rock.html]
[cdn.brawlify.com/map/Belles-Rock.png]
[brawlify.com/tr/maps/detail/Ends-Meet.html]
[cdn.brawlify.com/map/Ends-Meet.png]
[cdn.brawlify.com/gamemode/Gem-Grab.png]
[brawlify.com/tr/maps/detail/Hard-Rock-Mine.html]
[cdn.brawlify.com/map/Hard-Rock-Mine.png]
[brawlify.com/tr/maps/detail/Four-Squared.html]
[cdn.brawlify.com/map/Four-Squared.png]
[brawlify.com/tr/maps/detail/Flooded-Mine.html]
[cdn.brawlify.com/map/Flooded-Mine.png]
[brawlify.com/tr/maps/detail/Diamond-Dust.html]
[cdn.brawlify.com/map/Diamond-Dust.png]
[brawlify.com/tr/maps/detail/Deep-Diner.html]
[cdn.brawlify.com/map/Deep-Diner.png]
[brawlify.com/tr/maps/detail/Cotton-Candy-Dreams.html]
[cdn.brawlify.com/map/Cotton-Candy-Dreams.png]
[brawlify.com/tr/maps/detail/Undermine.html]
[cdn.brawlify.com/map/Undermine.png]
[brawlify.com/tr/maps/detail/Rustic-Arcade.html]
[cdn.brawlify.com/map/Rustic-Arcade.png]
[brawlify.com/tr/maps/detail/Gem-Fort.html]
[cdn.brawlify.com/map/Gem-Fort.png]
[brawlify.com/tr/maps/detail/Acute-Angle.html]
[cdn.brawlify.com/map/Acute-Angle.png]
[brawlify.com/tr/maps/detail/Deathcap-Trap-2.html]
[cdn.brawlify.com/map/Deathcap-Trap-2.png]
[brawlify.com/tr/maps/detail/Minecart-Madness.html]
[cdn.brawlify.com/map/Minecart-Madness.png]
[brawlify.com/tr/maps/detail/Crystal-Arcade.html]
[cdn.brawlify.com/map/Crystal-Arcade.png]
[brawlify.com/tr/maps/detail/Double-Swoosh.html]
[cdn.brawlify.com/map/Double-Swoosh.png]
[cdn.brawlify.com/gamemode/Showdown.png]
[brawlify.com/tr/maps/detail/Double-Trouble.html]
[cdn.brawlify.com/map/Double-Trouble.png]
[brawlify.com/tr/maps/detail/Cavern-Churn.html]
[cdn.brawlify.com/map/Cavern-Churn.png]
[brawlify.com/tr/maps/detail/Dark-Passage.html]
[cdn.brawlify.com/map/Dark-Passage.png]
[brawlify.com/tr/maps/detail/Dune-Drift.html]
[cdn.brawlify.com/map/Dune-Drift.png]
[brawlify.com/tr/maps/detail/Skull-Creek.html]
[cdn.brawlify.com/map/Skull-Creek.png]
[brawlify.com/tr/maps/detail/Mystic-Touch.html]
[cdn.brawlify.com/map/Mystic-Touch.png]
[brawlify.com/tr/maps/detail/Risky-Cliffs.html]
[cdn.brawlify.com/map/Risky-Cliffs.png]
[brawlify.com/tr/maps/detail/Acid-Lakes.html]
[cdn.brawlify.com/map/Acid-Lakes.png]
[brawlify.com/tr/maps/detail/Dark-Fantasies.html]
[cdn.brawlify.com/map/Dark-Fantasies.png]
[brawlify.com/tr/maps/detail/Feast-or-Famine.html]
[cdn.brawlify.com/map/Feast-or-Famine.png]
[brawlify.com/tr/maps/detail/Safety-Center.html]
[cdn.brawlify.com/map/Safety-Center.png]
[brawlify.com/tr/maps/detail/Rockwall-Brawl.html]
[cdn.brawlify.com/map/Rockwall-Brawl.png]
[brawlify.com/tr/maps/detail/Scorched-Stone.html]
[cdn.brawlify.com/map/Scorched-Stone.png]
[brawlify.com/tr/maps/detail/Stocky-Stockades.html]
[cdn.brawlify.com/map/Stocky-Stockades.png]
[cdn.brawlify.com/gamemode/Duo-Showdown.png]
[brawlify.com/tr/maps/detail/Cavern-Churn-Duo.html]
[cdn.brawlify.com/map/Cavern-Churn-Duo.png]
[brawlify.com/tr/maps/detail/Dune-Drift-Duo.html]
[cdn.brawlify.com/map/Dune-Drift-Duo.png]
[brawlify.com/tr/maps/detail/Mystic-Touch-Duo.html]
[cdn.brawlify.com/map/Mystic-Touch-Duo.png]
[brawlify.com/tr/maps/detail/Double-Trouble-Duo.html]
[cdn.brawlify.com/map/Double-Trouble-Duo.png]
[brawlify.com/tr/maps/detail/Risky-Cliffs-Duo.html]
[cdn.brawlify.com/map/Risky-Cliffs-Duo.png]
[brawlify.com/tr/maps/detail/Acid-Lakes-Duo.html]
[cdn.brawlify.com/map/Acid-Lakes-Duo.png]
[brawlify.com/tr/maps/detail/Dark-Fantasies-Duo.html]
[cdn.brawlify.com/map/Dark-Fantasies-Duo.png]
[brawlify.com/tr/maps/detail/Feast-or-Famine-Duo.html]
[cdn.brawlify.com/map/Feast-or-Famine-Duo.png]
[brawlify.com/tr/maps/detail/Safety-Center-Duo.html]
[cdn.brawlify.com/map/Safety-Center-Duo.png]
[brawlify.com/tr/maps/detail/Rockwall-Brawl-Duo.html]
[cdn.brawlify.com/map/Rockwall-Brawl-Duo.png]
[brawlify.com/tr/maps/detail/Dark-Passage-Duo.html]
[cdn.brawlify.com/map/Dark-Passage-Duo.png]
[brawlify.com/tr/maps/detail/Scorched-Stone-Duo.html]
[cdn.brawlify.com/map/Scorched-Stone-Duo.png]
[brawlify.com/tr/maps/detail/Skull-Creek-Duo.html]
[cdn.brawlify.com/map/Skull-Creek-Duo.png]
[brawlify.com/tr/maps/detail/Stocky-Stockades-Duo.html]
[cdn.brawlify.com/map/Stocky-Stockades-Duo.png]
[cdn.brawlify.com/gamemode/Heist.png]
[brawlify.com/tr/maps/detail/G.G.html]
[cdn.brawlify.com/map/G.G.-Mortuary.png]
[brawlify.com/tr/maps/detail/Bridge-Too-Far.html]
[cdn.brawlify.com/map/Bridge-Too-Far.png]
[brawlify.com/tr/maps/detail/Beachcombers.html]
[cdn.brawlify.com/map/Beachcombers.png]
[brawlify.com/tr/maps/detail/Pit-Stop.html]
[cdn.brawlify.com/map/Pit-Stop.png]
[brawlify.com/tr/maps/detail/Hot-Potato.html]
[cdn.brawlify.com/map/Hot-Potato.png]
[brawlify.com/tr/maps/detail/Safe-Zone.html]
[cdn.brawlify.com/map/Safe-Zone.png]
[brawlify.com/tr/maps/detail/Kaboom-Canyon.html]
[cdn.brawlify.com/map/Kaboom-Canyon.png]
[cdn.brawlify.com/gamemode/Bounty.png]
[brawlify.com/tr/maps/detail/Layer-Cake.html]
[cdn.brawlify.com/map/Layer-Cake.png]
[brawlify.com/tr/maps/detail/Excel.html]
[cdn.brawlify.com/map/Excel.png]
[brawlify.com/tr/maps/detail/Canal-Grande.html]
[cdn.brawlify.com/map/Canal-Grande.png]
[brawlify.com/tr/maps/detail/Hideout.html]
[cdn.brawlify.com/map/Hideout.png]
[brawlify.com/tr/maps/detail/Shooting-Star.html]
[cdn.brawlify.com/map/Shooting-Star.png]
[brawlify.com/tr/maps/detail/Dry-Season.html]
[cdn.brawlify.com/map/Dry-Season.png]
[brawlify.com/tr/maps/detail/Snake-Prairie.html]
[cdn.brawlify.com/map/Snake-Prairie.png]
[brawlify.com/tr/maps/detail/Purple-Paradise.html]
[cdn.brawlify.com/map/Purple-Paradise.png]
[cdn.brawlify.com/gamemode/Brawl-Ball.png]
[brawlify.com/tr/maps/detail/Sticky-Notes.html]
[cdn.brawlify.com/map/Sticky-Notes.png]
[brawlify.com/tr/maps/detail/Center-Stage.html]
[cdn.brawlify.com/map/Center-Stage.png]
[brawlify.com/tr/maps/detail/Turtle-Shell.html]
[cdn.brawlify.com/map/Turtle-Shell.png]
[brawlify.com/tr/maps/detail/Pinball-Dreams.html]
[cdn.brawlify.com/map/Pinball-Dreams.png]
[brawlify.com/tr/maps/detail/Power-Shot.html]
[cdn.brawlify.com/map/Power-Shot.png]
[brawlify.com/tr/maps/detail/Super-Stadium.html]
[cdn.brawlify.com/map/Super-Stadium.png]
[brawlify.com/tr/maps/detail/Slalom-Slam.html]
[cdn.brawlify.com/map/Slalom-Slam.png]
[brawlify.com/tr/maps/detail/Sneaky-Fields.html]
[cdn.brawlify.com/map/Sneaky-Fields.png]
[brawlify.com/tr/maps/detail/Center-Field.html]
[cdn.brawlify.com/map/Center-Field.png]
[brawlify.com/tr/maps/detail/Pinhole-Punt.html]
[cdn.brawlify.com/map/Pinhole-Punt.png]
[brawlify.com/tr/maps/detail/Field-Goal.html]
[cdn.brawlify.com/map/Field-Goal.png]
[brawlify.com/tr/maps/detail/Triple-Dribble.html]
[cdn.brawlify.com/map/Triple-Dribble.png]
[brawlify.com/tr/maps/detail/Sunny-Soccer.html]
[cdn.brawlify.com/map/Sunny-Soccer.png]
[brawlify.com/tr/maps/detail/Backyard-Bowl.html]
[cdn.brawlify.com/map/Backyard-Bowl.png]
[cdn.brawlify.com/gamemode/Siege.png]
[brawlify.com/tr/maps/detail/Mecha-Match.html]
[cdn.brawlify.com/map/Mecha-Match.png]
[brawlify.com/tr/maps/detail/Junk-Park.html]
[cdn.brawlify.com/map/Junk-Park.png]
[brawlify.com/tr/maps/detail/Factory-Rush.html]
[cdn.brawlify.com/map/Factory-Rush.png]
[brawlify.com/tr/maps/detail/Assembly-Attack.html]
[cdn.brawlify.com/map/Assembly-Attack.png]
[brawlify.com/tr/maps/detail/Nuts-&-Bolts.html]
[cdn.brawlify.com/map/Nuts-&-Bolts.png]
[brawlify.com/tr/maps/detail/Some-Assembly-Required.html]
[cdn.brawlify.com/map/Some-Assembly-Required.png]
[brawlify.com/tr/maps/detail/Bot-Drop.html]
[cdn.brawlify.com/map/Bot-Drop.png]
[cdn.brawlify.com/gamemode/Lone-Star.png]
[cdn.brawlify.com/gamemode/Robo-Rumble.png]
[cdn.brawlify.com/gamemode/Big-Game.png]
[brawlify.com/tr/maps/detail/Table-Flip.html]
[cdn.brawlify.com/map/Table-Flip.png]
[brawlify.com/tr/maps/detail/Hunting-Party.html]
[cdn.brawlify.com/map/Hunting-Party.png]
[cdn.brawlify.com/gamemode/Boss-Fight.png]
[brawlify.com/tr/maps/https]
[cdn.brawlify.com/misc/Google-Play.png]
[cdn.brawlify.com/social/Twitter-Round.png]
[brawlify.com/tr/maps/index.html]
[brawlify.com/tr/maps/+/index.html]
[brawlify.com/tr/maps/GET.html]
[cdn.jsdelivr.net/npm/bootstrap@4.5.3/dist/css/bootstrap.min.css]
[cdn.brawlify.com/css/stylee5bf.css]
[brawlify.com/tr/maps/detail/GET]
[cdn.brawlify.com/brawler-bs/Jacky.png]
[cdn.brawlify.com/brawler-bs/Lou.png]
[cdn.brawlify.com/brawler-bs/Byron.png]
[cdn.brawlify.com/brawler-bs/Tara.png]
[cdn.brawlify.com/brawler-bs/Rosa.png]
[cdn.brawlify.com/brawler-bs/Emz.png]
[cdn.brawlify.com/brawler-bs/Spike.png]
[cdn.brawlify.com/brawler-bs/Bull.png]
[cdn.brawlify.com/brawler-bs/Nita.png]
[cdn.brawlify.com/brawler-bs/Shelly.png]
[cdn.brawlify.com/brawler-bs/Colt.png]
[cdn.brawlify.com/brawler-bs/Jessie.png]
[cdn.brawlify.com/brawler-bs/Darryl.png]
[cdn.brawlify.com/brawler-bs/El-Primo.png]
[cdn.brawlify.com/brawler-bs/Poco.png]
[cdn.brawlify.com/brawler-bs/Bo.png]
[cdn.brawlify.com/brawler-bs/Tick.png]
[cdn.brawlify.com/brawler-bs/Pam.png]
[cdn.brawlify.com/brawler-bs/Ash.png]
[cdn.brawlify.com/brawler-bs/Frank.png]
[cdn.brawlify.com/brawler-bs/Griff.png]
[cdn.brawlify.com/brawler-bs/Edgar.png]
[cdn.brawlify.com/brawler-bs/Penny.png]
[cdn.brawlify.com/brawler-bs/Sandy.png]
[cdn.brawlify.com/brawler-bs/Dynamike.png]
[cdn.brawlify.com/brawler-bs/Buzz.png]
[cdn.brawlify.com/brawler-bs/Gale.png]
[cdn.brawlify.com/brawler-bs/Bibi.png]
[cdn.brawlify.com/brawler-bs/Mortis.png]
[cdn.brawlify.com/brawler-bs/Barley.png]
[cdn.brawlify.com/brawler-bs/Colette.png]
[cdn.brawlify.com/brawler-bs/Stu.png]
[cdn.brawlify.com/brawler-bs/Amber.png]
[cdn.brawlify.com/brawler-bs/Surge.png]
[cdn.brawlify.com/brawler-bs/8-Bit.png]
[cdn.brawlify.com/brawler-bs/Squeak.png]
[cdn.brawlify.com/brawler-bs/Leon.png]
[cdn.brawlify.com/brawler-bs/Belle.png]
[cdn.brawlify.com/brawler-bs/Rico.png]
[cdn.brawlify.com/brawler-bs/Carl.png]
[cdn.brawlify.com/brawler-bs/Bea.png]
[cdn.brawlify.com/brawler-bs/Brock.png]
[cdn.brawlify.com/brawler-bs/Colonel-Ruffs.png]
[cdn.brawlify.com/brawler-bs/Sprout.png]
[cdn.brawlify.com/brawler-bs/Mr.P.png]
[cdn.brawlify.com/brawler-bs/Crow.png]
[cdn.brawlify.com/brawler-bs/Nani.png]
[cdn.brawlify.com/brawler-bs/Gene.png]
[cdn.brawlify.com/brawler-bs/Max.png]
[cdn.brawlify.com/brawler-bs/Piper.png]
[brawlify.com/tr/maps/detail/https]
[brawlify.com/tr/maps/detail/Breakout-Brawl.html]
[brawlify.com/tr/maps/detail/Controller-Chaos.html]
[brawlify.com/tr/maps/detail/Open-Business.html]
[brawlify.com/tr/maps/detail/Dueling-Beetles.html]
[brawlify.com/tr/maps/detail/Parallel-Plays.html]
[brawlify.com/tr/maps/detail/Ring-of-Fire.html]
[brawlify.com/tr/maps/detail/Split.html]
[brawlify.com/tr/maps/detail/Goldarm-Gulch.html]
[brawlify.com/tr/maps/detail/Deep-End.html]
[brawlify.com/tr/maps/detail/Double-Bluff.html]
[brawlify.com/tr/maps/detail/Splash-Out.html]
[brawlify.com/tr/maps/detail/Middle-Ground.html]
[brawlify.com/tr/maps/detail/Belles-Rock.html]
[brawlify.com/tr/maps/detail/Ends-Meet.html]
[brawlify.com/tr/maps/detail/Hard-Rock-Mine.html]
[brawlify.com/tr/maps/detail/Four-Squared.html]
[brawlify.com/tr/maps/detail/Flooded-Mine.html]
[brawlify.com/tr/maps/detail/Diamond-Dust.html]
[brawlify.com/tr/maps/detail/Deep-Diner.html]
[brawlify.com/tr/maps/detail/Cotton-Candy-Dreams.html]
[brawlify.com/tr/maps/detail/Undermine.html]
[brawlify.com/tr/maps/detail/Rustic-Arcade.html]
[brawlify.com/tr/maps/detail/Gem-Fort.html]
[brawlify.com/tr/maps/detail/Acute-Angle.html]
[brawlify.com/tr/maps/detail/Deathcap-Trap-2.html]
[brawlify.com/tr/maps/detail/Minecart-Madness.html]
[brawlify.com/tr/maps/detail/Crystal-Arcade.html]
[brawlify.com/tr/maps/detail/Double-Swoosh.html]
[brawlify.com/tr/maps/detail/Double-Trouble.html]
[brawlify.com/tr/maps/detail/Cavern-Churn.html]
[brawlify.com/tr/maps/detail/Dark-Passage.html]
[brawlify.com/tr/maps/detail/Dune-Drift.html]
[brawlify.com/tr/maps/detail/Skull-Creek.html]
[brawlify.com/tr/maps/detail/Mystic-Touch.html]
[brawlify.com/tr/maps/detail/Risky-Cliffs.html]
[cdn.datatables.net/1.10.22/js/jquery.dataTables.min.js]
[brawlify.com/tr/maps/detail/Acid-Lakes.html]
[brawlify.com/tr/maps/detail/Dark-Fantasies.html]
[brawlify.com/tr/maps/detail/Feast-or-Famine.html]
[brawlify.com/tr/maps/detail/Safety-Center.html]
[brawlify.com/tr/maps/detail/Rockwall-Brawl.html]
[brawlify.com/tr/maps/detail/Scorched-Stone.html]
[brawlify.com/tr/maps/detail/Stocky-Stockades.html]
[brawlify.com/tr/maps/detail/Cavern-Churn-Duo.html]
[brawlify.com/tr/maps/detail/Dune-Drift-Duo.html]
[brawlify.com/tr/maps/detail/Mystic-Touch-Duo.html]
[brawlify.com/tr/maps/detail/Double-Trouble-Duo.html]
[brawlify.com/tr/maps/detail/Risky-Cliffs-Duo.html]
[brawlify.com/tr/maps/detail/Acid-Lakes-Duo.html]
[brawlify.com/tr/maps/detail/Dark-Fantasies-Duo.html]
[brawlify.com/tr/maps/detail/Feast-or-Famine-Duo.html]
[brawlify.com/tr/maps/detail/Safety-Center-Duo.html]
[brawlify.com/tr/maps/detail/Rockwall-Brawl-Duo.html]
[brawlify.com/tr/maps/detail/Dark-Passage-Duo.html]
[brawlify.com/tr/maps/detail/Scorched-Stone-Duo.html]
[brawlify.com/tr/maps/detail/Skull-Creek-Duo.html]
[brawlify.com/tr/maps/detail/Stocky-Stockades-Duo.html]
[brawlify.com/tr/maps/detail/G.G.html]
[brawlify.com/tr/maps/detail/Bridge-Too-Far.html]
[brawlify.com/tr/maps/detail/Beachcombers.html]
[brawlify.com/tr/maps/detail/Pit-Stop.html]
[brawlify.com/tr/maps/detail/Hot-Potato.html]
[brawlify.com/tr/maps/detail/Safe-Zone.html]
[brawlify.com/tr/maps/detail/Kaboom-Canyon.html]
[brawlify.com/tr/maps/detail/Layer-Cake.html]
[brawlify.com/tr/maps/detail/Excel.html]
[brawlify.com/tr/maps/detail/Canal-Grande.html]
[brawlify.com/tr/maps/detail/Hideout.html]
[brawlify.com/tr/maps/detail/Shooting-Star.html]
[brawlify.com/tr/maps/detail/Dry-Season.html]
[brawlify.com/tr/maps/detail/Snake-Prairie.html]
[brawlify.com/tr/maps/detail/Purple-Paradise.html]
[brawlify.com/tr/maps/detail/Sticky-Notes.html]
[brawlify.com/tr/maps/detail/Center-Stage.html]
[brawlify.com/tr/maps/detail/Turtle-Shell.html]
[brawlify.com/tr/maps/detail/Pinball-Dreams.html]
[brawlify.com/tr/maps/detail/Power-Shot.html]
[brawlify.com/tr/maps/detail/Super-Stadium.html]
[brawlify.com/tr/maps/detail/Slalom-Slam.html]
[brawlify.com/tr/maps/detail/Sneaky-Fields.html]
[brawlify.com/tr/maps/detail/Center-Field.html]
[brawlify.com/tr/maps/detail/Pinhole-Punt.html]
[brawlify.com/tr/maps/detail/Field-Goal.html]
[brawlify.com/tr/maps/detail/Triple-Dribble.html]
[brawlify.com/tr/maps/detail/Sunny-Soccer.html]
[brawlify.com/tr/maps/detail/Backyard-Bowl.html]
[brawlify.com/tr/maps/detail/Mecha-Match.html]
[brawlify.com/tr/maps/detail/Junk-Park.html]
[brawlify.com/tr/maps/detail/Factory-Rush.html]
[brawlify.com/tr/maps/detail/Assembly-Attack.html]
[brawlify.com/tr/maps/detail/Nuts-&-Bolts.html]
[brawlify.com/tr/maps/detail/Some-Assembly-Required.html]
[brawlify.com/tr/maps/detail/Bot-Drop.html]
[brawlify.com/tr/maps/detail/Table-Flip.html]
[brawlify.com/tr/maps/detail/Hunting-Party.html]
[brawlify.com/tr/maps/https.html]
[brawlify.com/tr/maps/detail/+]
[brawlify.com/tr/maps/detail/+/index.html]
[brawlify.com/tr/maps/detail/GET.html]
[brawlify.com/tr/maps/detail/https.html]
[brawlify.com/tr/maps/detail/+.html]
